c:\users\cuinjune\code\of_v0.10.0_vs2017_release\addons\ofxofelia\windowsexternal\obj\release\lapi.obj
c:\users\cuinjune\code\of_v0.10.0_vs2017_release\addons\ofxofelia\windowsexternal\obj\release\lctype.obj
c:\users\cuinjune\code\of_v0.10.0_vs2017_release\addons\ofxofelia\windowsexternal\obj\release\ldebug.obj
c:\users\cuinjune\code\of_v0.10.0_vs2017_release\addons\ofxofelia\windowsexternal\obj\release\lgc.obj
c:\users\cuinjune\code\of_v0.10.0_vs2017_release\addons\ofxofelia\windowsexternal\obj\release\lmem.obj
c:\users\cuinjune\code\of_v0.10.0_vs2017_release\addons\ofxofelia\windowsexternal\obj\release\loslib.obj
c:\users\cuinjune\code\of_v0.10.0_vs2017_release\addons\ofxofelia\windowsexternal\obj\release\lstring.obj
c:\users\cuinjune\code\of_v0.10.0_vs2017_release\addons\ofxofelia\windowsexternal\obj\release\ltable.obj
c:\users\cuinjune\code\of_v0.10.0_vs2017_release\addons\ofxofelia\windowsexternal\obj\release\ltm.obj
c:\users\cuinjune\code\of_v0.10.0_vs2017_release\addons\ofxofelia\windowsexternal\obj\release\lvm.obj
c:\users\cuinjune\code\of_v0.10.0_vs2017_release\addons\ofxofelia\windowsexternal\obj\release\lauxlib.obj
c:\users\cuinjune\code\of_v0.10.0_vs2017_release\addons\ofxofelia\windowsexternal\obj\release\ldblib.obj
c:\users\cuinjune\code\of_v0.10.0_vs2017_release\addons\ofxofelia\windowsexternal\obj\release\lfunc.obj
c:\users\cuinjune\code\of_v0.10.0_vs2017_release\addons\ofxofelia\windowsexternal\obj\release\linit.obj
c:\users\cuinjune\code\of_v0.10.0_vs2017_release\addons\ofxofelia\windowsexternal\obj\release\lmathlib.obj
c:\users\cuinjune\code\of_v0.10.0_vs2017_release\addons\ofxofelia\windowsexternal\obj\release\lobject.obj
c:\users\cuinjune\code\of_v0.10.0_vs2017_release\addons\ofxofelia\windowsexternal\obj\release\lstate.obj
c:\users\cuinjune\code\of_v0.10.0_vs2017_release\addons\ofxofelia\windowsexternal\obj\release\lstrlib.obj
c:\users\cuinjune\code\of_v0.10.0_vs2017_release\addons\ofxofelia\windowsexternal\obj\release\lundump.obj
c:\users\cuinjune\code\of_v0.10.0_vs2017_release\addons\ofxofelia\windowsexternal\obj\release\lzio.obj
c:\users\cuinjune\code\of_v0.10.0_vs2017_release\addons\ofxofelia\windowsexternal\obj\release\lbaselib.obj
c:\users\cuinjune\code\of_v0.10.0_vs2017_release\addons\ofxofelia\windowsexternal\obj\release\lcorolib.obj
c:\users\cuinjune\code\of_v0.10.0_vs2017_release\addons\ofxofelia\windowsexternal\obj\release\ldo.obj
c:\users\cuinjune\code\of_v0.10.0_vs2017_release\addons\ofxofelia\windowsexternal\obj\release\llex.obj
c:\users\cuinjune\code\of_v0.10.0_vs2017_release\addons\ofxofelia\windowsexternal\obj\release\lopcodes.obj
c:\users\cuinjune\code\of_v0.10.0_vs2017_release\addons\ofxofelia\windowsexternal\obj\release\lparser.obj
c:\users\cuinjune\code\of_v0.10.0_vs2017_release\addons\ofxofelia\windowsexternal\obj\release\ltablib.obj
c:\users\cuinjune\code\of_v0.10.0_vs2017_release\addons\ofxofelia\windowsexternal\obj\release\lutf8lib.obj
c:\users\cuinjune\code\of_v0.10.0_vs2017_release\addons\ofxofelia\windowsexternal\obj\release\lbitlib.obj
c:\users\cuinjune\code\of_v0.10.0_vs2017_release\addons\ofxofelia\windowsexternal\obj\release\lcode.obj
c:\users\cuinjune\code\of_v0.10.0_vs2017_release\addons\ofxofelia\windowsexternal\obj\release\ldump.obj
c:\users\cuinjune\code\of_v0.10.0_vs2017_release\addons\ofxofelia\windowsexternal\obj\release\liolib.obj
c:\users\cuinjune\code\of_v0.10.0_vs2017_release\addons\ofxofelia\windowsexternal\obj\release\loadlib.obj
c:\users\cuinjune\code\of_v0.10.0_vs2017_release\addons\ofxofelia\windowsexternal\obj\release\vc141.pdb
c:\users\cuinjune\code\of_v0.10.0_vs2017_release\addons\ofxofelia\windowsexternal\obj\release\ofbindings.obj
c:\users\cuinjune\code\of_v0.10.0_vs2017_release\addons\ofxofelia\windowsexternal\obj\release\ofxluafilewriter.obj
c:\users\cuinjune\code\of_v0.10.0_vs2017_release\addons\ofxofelia\windowsexternal\obj\release\ofeliabindings.obj
c:\users\cuinjune\code\of_v0.10.0_vs2017_release\addons\ofxofelia\windowsexternal\obj\release\glmbindings.obj
c:\users\cuinjune\code\of_v0.10.0_vs2017_release\addons\ofxofelia\windowsexternal\obj\release\ofeliaclient.obj
c:\users\cuinjune\code\of_v0.10.0_vs2017_release\addons\ofxofelia\windowsexternal\obj\release\ofeliacreator.obj
c:\users\cuinjune\code\of_v0.10.0_vs2017_release\addons\ofxofelia\windowsexternal\obj\release\ofeliadata.obj
c:\users\cuinjune\code\of_v0.10.0_vs2017_release\addons\ofxofelia\windowsexternal\obj\release\ofeliaget.obj
c:\users\cuinjune\code\of_v0.10.0_vs2017_release\addons\ofxofelia\windowsexternal\obj\release\ofeliaset.obj
c:\users\cuinjune\code\of_v0.10.0_vs2017_release\addons\ofxofelia\windowsexternal\obj\release\ofeliasetup.obj
c:\users\cuinjune\code\of_v0.10.0_vs2017_release\addons\ofxofelia\windowsexternal\obj\release\ofeliasignal.obj
c:\users\cuinjune\code\of_v0.10.0_vs2017_release\addons\ofxofelia\windowsexternal\obj\release\ofeliatextbuf.obj
c:\users\cuinjune\code\of_v0.10.0_vs2017_release\addons\ofxofelia\windowsexternal\obj\release\ofxlua.obj
c:\users\cuinjune\code\of_v0.10.0_vs2017_release\addons\ofxofelia\windowsexternal\obj\release\ofeliadefine.obj
c:\users\cuinjune\code\of_v0.10.0_vs2017_release\addons\ofxofelia\windowsexternal\obj\release\ofeliaexists.obj
c:\users\cuinjune\code\of_v0.10.0_vs2017_release\addons\ofxofelia\windowsexternal\obj\release\ofeliaio.obj
c:\users\cuinjune\code\of_v0.10.0_vs2017_release\addons\ofxofelia\windowsexternal\obj\release\ofelialua.obj
c:\users\cuinjune\code\of_v0.10.0_vs2017_release\addons\ofxofelia\windowsexternal\bin\ofelia.dll
c:\users\cuinjune\code\of_v0.10.0_vs2017_release\addons\ofxofelia\windowsexternal\bin\ofelia.lib
c:\users\cuinjune\code\of_v0.10.0_vs2017_release\addons\ofxofelia\windowsexternal\bin\ofelia.exp
c:\users\cuinjune\code\of_v0.10.0_vs2017_release\addons\ofxofelia\windowsexternal\bin\ofelia.ipdb
c:\users\cuinjune\code\of_v0.10.0_vs2017_release\addons\ofxofelia\windowsexternal\bin\ofelia.iobj
c:\users\cuinjune\code\of_v0.10.0_vs2017_release\addons\ofxofelia\windowsexternal\obj\release\icon.res
c:\users\cuinjune\code\of_v0.10.0_vs2017_release\addons\ofxofelia\windowsexternal\obj\release\ofelia.tlog\cl.12100.write.1.tlog
c:\users\cuinjune\code\of_v0.10.0_vs2017_release\addons\ofxofelia\windowsexternal\obj\release\ofelia.tlog\cl.command.1.tlog
c:\users\cuinjune\code\of_v0.10.0_vs2017_release\addons\ofxofelia\windowsexternal\obj\release\ofelia.tlog\cl.read.1.tlog
c:\users\cuinjune\code\of_v0.10.0_vs2017_release\addons\ofxofelia\windowsexternal\obj\release\ofelia.tlog\link.command.1.tlog
c:\users\cuinjune\code\of_v0.10.0_vs2017_release\addons\ofxofelia\windowsexternal\obj\release\ofelia.tlog\link.read.1.tlog
c:\users\cuinjune\code\of_v0.10.0_vs2017_release\addons\ofxofelia\windowsexternal\obj\release\ofelia.tlog\link.write.1.tlog
c:\users\cuinjune\code\of_v0.10.0_vs2017_release\addons\ofxofelia\windowsexternal\obj\release\ofelia.tlog\ofelia.write.1u.tlog
c:\users\cuinjune\code\of_v0.10.0_vs2017_release\addons\ofxofelia\windowsexternal\obj\release\ofelia.tlog\rc.command.1.tlog
c:\users\cuinjune\code\of_v0.10.0_vs2017_release\addons\ofxofelia\windowsexternal\obj\release\ofelia.tlog\rc.read.1.tlog
c:\users\cuinjune\code\of_v0.10.0_vs2017_release\addons\ofxofelia\windowsexternal\obj\release\ofelia.tlog\rc.write.1.tlog
