c:\users\cuinjune\code\of_v0.9.8_vs_release\addons\ofxofelia\win32example\obj\release\ofxbasemidi.obj
c:\users\cuinjune\code\of_v0.9.8_vs_release\addons\ofxofelia\win32example\obj\release\ofxmidiout.obj
c:\users\cuinjune\code\of_v0.9.8_vs_release\addons\ofxofelia\win32example\obj\release\ofeliaanimate.obj
c:\users\cuinjune\code\of_v0.9.8_vs_release\addons\ofxofelia\win32example\obj\release\ofeliacolor.obj
c:\users\cuinjune\code\of_v0.9.8_vs_release\addons\ofxofelia\win32example\obj\release\ofeliaeasycam.obj
c:\users\cuinjune\code\of_v0.9.8_vs_release\addons\ofxofelia\win32example\obj\release\ofeliafilehandler.obj
c:\users\cuinjune\code\of_v0.9.8_vs_release\addons\ofxofelia\win32example\obj\release\ofeliahead.obj
c:\users\cuinjune\code\of_v0.9.8_vs_release\addons\ofxofelia\win32example\obj\release\ofelialights.obj
c:\users\cuinjune\code\of_v0.9.8_vs_release\addons\ofxofelia\win32example\obj\release\ofeliamatrix.obj
c:\users\cuinjune\code\of_v0.9.8_vs_release\addons\ofxofelia\win32example\obj\release\ofeliapath.obj
c:\users\cuinjune\code\of_v0.9.8_vs_release\addons\ofxofelia\win32example\obj\release\ofeliasetup.obj
c:\users\cuinjune\code\of_v0.9.8_vs_release\addons\ofxofelia\win32example\obj\release\ofeliaurl.obj
c:\users\cuinjune\code\of_v0.9.8_vs_release\addons\ofxofelia\win32example\obj\release\ofeliavec3f.obj
c:\users\cuinjune\code\of_v0.9.8_vs_release\addons\ofxofelia\win32example\obj\release\ofxrtmidiin.obj
c:\users\cuinjune\code\of_v0.9.8_vs_release\addons\ofxofelia\win32example\obj\release\ofxmidimessage.obj
c:\users\cuinjune\code\of_v0.9.8_vs_release\addons\ofxofelia\win32example\obj\release\main.obj
c:\users\cuinjune\code\of_v0.9.8_vs_release\addons\ofxofelia\win32example\obj\release\ofeliacamera.obj
c:\users\cuinjune\code\of_v0.9.8_vs_release\addons\ofxofelia\win32example\obj\release\ofeliadirectoryhandler.obj
c:\users\cuinjune\code\of_v0.9.8_vs_release\addons\ofxofelia\win32example\obj\release\ofeliafile.obj
c:\users\cuinjune\code\of_v0.9.8_vs_release\addons\ofxofelia\win32example\obj\release\ofeliagetters.obj
c:\users\cuinjune\code\of_v0.9.8_vs_release\addons\ofxofelia\win32example\obj\release\ofeliaimagesaver.obj
c:\users\cuinjune\code\of_v0.9.8_vs_release\addons\ofxofelia\win32example\obj\release\ofeliamath.obj
c:\users\cuinjune\code\of_v0.9.8_vs_release\addons\ofxofelia\win32example\obj\release\ofeliapatch.obj
c:\users\cuinjune\code\of_v0.9.8_vs_release\addons\ofxofelia\win32example\obj\release\ofeliasetters.obj
c:\users\cuinjune\code\of_v0.9.8_vs_release\addons\ofxofelia\win32example\obj\release\ofeliasymbol.obj
c:\users\cuinjune\code\of_v0.9.8_vs_release\addons\ofxofelia\win32example\obj\release\ofeliavec2f.obj
c:\users\cuinjune\code\of_v0.9.8_vs_release\addons\ofxofelia\win32example\obj\release\ofeliawindow.obj
c:\users\cuinjune\code\of_v0.9.8_vs_release\addons\ofxofelia\win32example\obj\release\rtmidi.obj
c:\users\cuinjune\code\of_v0.9.8_vs_release\addons\ofxofelia\win32example\obj\release\ofxmidi.obj
c:\users\cuinjune\code\of_v0.9.8_vs_release\addons\ofxofelia\win32example\obj\release\ofxpd.obj
c:\users\cuinjune\code\of_v0.9.8_vs_release\addons\ofxofelia\win32example\obj\release\ofeliabase.obj
c:\users\cuinjune\code\of_v0.9.8_vs_release\addons\ofxofelia\win32example\obj\release\ofeliadirectory.obj
c:\users\cuinjune\code\of_v0.9.8_vs_release\addons\ofxofelia\win32example\obj\release\ofeliafbo.obj
c:\users\cuinjune\code\of_v0.9.8_vs_release\addons\ofxofelia\win32example\obj\release\ofeliafont.obj
c:\users\cuinjune\code\of_v0.9.8_vs_release\addons\ofxofelia\win32example\obj\release\ofeliaimageloader.obj
c:\users\cuinjune\code\of_v0.9.8_vs_release\addons\ofxofelia\win32example\obj\release\ofeliamaterial.obj
c:\users\cuinjune\code\of_v0.9.8_vs_release\addons\ofxofelia\win32example\obj\release\ofeliaorien.obj
c:\users\cuinjune\code\of_v0.9.8_vs_release\addons\ofxofelia\win32example\obj\release\ofeliapolyline.obj
c:\users\cuinjune\code\of_v0.9.8_vs_release\addons\ofxofelia\win32example\obj\release\ofeliashapes.obj
c:\users\cuinjune\code\of_v0.9.8_vs_release\addons\ofxofelia\win32example\obj\release\ofeliaurlsaver.obj
c:\users\cuinjune\code\of_v0.9.8_vs_release\addons\ofxofelia\win32example\obj\release\ofeliavec4f.obj
c:\users\cuinjune\code\of_v0.9.8_vs_release\addons\ofxofelia\win32example\obj\release\ofxrtmidiout.obj
c:\users\cuinjune\code\of_v0.9.8_vs_release\addons\ofxofelia\win32example\obj\release\ofxmidiin.obj
c:\users\cuinjune\code\of_v0.9.8_vs_release\addons\ofxofelia\win32example\obj\release\ofapp.obj
c:\users\cuinjune\code\of_v0.9.8_vs_release\addons\ofxofelia\win32example\obj\release\ofeliadevices.obj
c:\users\cuinjune\code\of_v0.9.8_vs_release\addons\ofxofelia\win32example\obj\release\ofeliaexpr.obj
c:\users\cuinjune\code\of_v0.9.8_vs_release\addons\ofxofelia\win32example\obj\release\ofeliafloat.obj
c:\users\cuinjune\code\of_v0.9.8_vs_release\addons\ofxofelia\win32example\obj\release\ofeliaimage.obj
c:\users\cuinjune\code\of_v0.9.8_vs_release\addons\ofxofelia\win32example\obj\release\ofelialisteners.obj
c:\users\cuinjune\code\of_v0.9.8_vs_release\addons\ofxofelia\win32example\obj\release\ofeliamesh.obj
c:\users\cuinjune\code\of_v0.9.8_vs_release\addons\ofxofelia\win32example\obj\release\ofeliaseparators.obj
c:\users\cuinjune\code\of_v0.9.8_vs_release\addons\ofxofelia\win32example\obj\release\ofeliastring.obj
c:\users\cuinjune\code\of_v0.9.8_vs_release\addons\ofxofelia\win32example\obj\release\ofeliastyle.obj
c:\users\cuinjune\code\of_v0.9.8_vs_release\addons\ofxofelia\win32example\obj\release\ofeliautils.obj
c:\users\cuinjune\code\of_v0.9.8_vs_release\addons\ofxofelia\win32example\obj\release\ofeliaviewport.obj
c:\users\cuinjune\code\of_v0.9.8_vs_release\addons\ofxofelia\win32example\obj\release\vc140.pdb
c:\users\cuinjune\code\of_v0.9.8_vs_release\addons\ofxofelia\win32example\obj\release\tinyexpr.obj
c:\users\cuinjune\code\of_v0.9.8_vs_release\addons\ofxofelia\win32example\obj\release\ofeliaaudio.obj
c:\users\cuinjune\code\of_v0.9.8_vs_release\addons\ofxofelia\win32example\bin\win32example.exe
c:\users\cuinjune\code\of_v0.9.8_vs_release\addons\ofxofelia\win32example\obj\release\icon.res
c:\users\cuinjune\code\of_v0.9.8_vs_release\addons\ofxofelia\win32example\bin\win32example.lib
c:\users\cuinjune\code\of_v0.9.8_vs_release\addons\ofxofelia\win32example\bin\win32example.exp
c:\users\cuinjune\code\of_v0.9.8_vs_release\addons\ofxofelia\win32example\obj\release\win32example.tlog\cl.command.1.tlog
c:\users\cuinjune\code\of_v0.9.8_vs_release\addons\ofxofelia\win32example\obj\release\win32example.tlog\cl.read.1.tlog
c:\users\cuinjune\code\of_v0.9.8_vs_release\addons\ofxofelia\win32example\obj\release\win32example.tlog\cl.write.1.tlog
c:\users\cuinjune\code\of_v0.9.8_vs_release\addons\ofxofelia\win32example\obj\release\win32example.tlog\link.command.1.tlog
c:\users\cuinjune\code\of_v0.9.8_vs_release\addons\ofxofelia\win32example\obj\release\win32example.tlog\link.read.1.tlog
c:\users\cuinjune\code\of_v0.9.8_vs_release\addons\ofxofelia\win32example\obj\release\win32example.tlog\link.write.1.tlog
c:\users\cuinjune\code\of_v0.9.8_vs_release\addons\ofxofelia\win32example\obj\release\win32example.tlog\rc.command.1.tlog
c:\users\cuinjune\code\of_v0.9.8_vs_release\addons\ofxofelia\win32example\obj\release\win32example.tlog\rc.read.1.tlog
c:\users\cuinjune\code\of_v0.9.8_vs_release\addons\ofxofelia\win32example\obj\release\win32example.tlog\rc.write.1.tlog
c:\users\cuinjune\code\of_v0.9.8_vs_release\addons\ofxofelia\win32example\obj\release\win32example.tlog\win32example.write.1u.tlog
